C51 COMPILER V9.60.0.0   LCD_12864                                                         10/06/2021 20:39:35 PAGE 1   


C51 COMPILER V9.60.0.0, COMPILATION OF MODULE LCD_12864
OBJECT MODULE PLACED IN .\Objects\lcd_12864.obj
COMPILER INVOKED BY: C:\Keil_v5\C51\BIN\C51.EXE lcd_12864.c OPTIMIZE(8,SPEED) BROWSE DEBUG OBJECTEXTEND PRINT(.\Listings
                    -\lcd_12864.lst) TABS(2) OBJECT(.\Objects\lcd_12864.obj)

line level    source

   1          #include<reg52.h>
   2          
   3          unsigned char code zimu[6][32]={{
   4          /*--  文字:  你  --*/
   5          /*--  宋体12;  此字体下对应的点阵为：宽x高=16x16   --*/
   6          0x00,0x01,0x06,0x1F,0xE0,0x02,0x04,0x18,0xF0,0x10,0x13,0x10,0x10,0x14,0x18,0x00,
   7          0x80,0x00,0x00,0xFF,0x00,0x08,0x30,0xC0,0x02,0x01,0xFE,0x00,0x80,0x60,0x18,0x00},
   8          
   9          /*--  文字:  好  --*/
  10          /*--  宋体12;  此字体下对应的点阵为：宽x高=16x16   --*/
  11          {0x08,0x08,0x0F,0xF8,0x08,0x0F,0x00,0x01,0x41,0x41,0x47,0x49,0x51,0x61,0x01,0x00,
  12          0x02,0x44,0xA8,0x10,0x68,0x86,0x00,0x00,0x02,0x01,0xFE,0x00,0x00,0x00,0x00,0x00},
  13          
  14          /*--  文字:  ，  --*/
  15          /*--  宋体12;  此字体下对应的点阵为：宽x高=16x16   --*/
  16          {0x00,0x00,0x00,0x00,0x00,0x00,0x00,0x00,0x00,0x00,0x00,0x00,0x00,0x00,0x00,0x00,
  17          0x00,0x00,0x1A,0x1C,0x00,0x00,0x00,0x00,0x00,0x00,0x00,0x00,0x00,0x00,0x00,0x00},
  18          
  19          /*--  文字:  世  --*/
  20          /*--  宋体12;  此字体下对应的点阵为：宽x高=16x16   --*/
  21          {0x04,0x04,0x04,0x7F,0x04,0x04,0xFF,0x04,0x04,0x04,0xFF,0x04,0x04,0x04,0x04,0x00,
  22          0x00,0x00,0x00,0xFE,0x02,0x02,0xE2,0x22,0x22,0x22,0xE2,0x02,0x02,0x02,0x00,0x00},
  23          
  24          /*--  文字:  界  --*/
  25          /*--  宋体12;  此字体下对应的点阵为：宽x高=16x16   --*/
  26          {0x00,0x00,0x00,0x7F,0x49,0x49,0x49,0x7F,0x49,0x49,0x49,0x7F,0x00,0x00,0x00,0x00,
  27          0x10,0x10,0x20,0x21,0x46,0x78,0x80,0x00,0x80,0x7F,0x40,0x20,0x20,0x10,0x10,0x00},
  28          
  29          /*--  文字:  ！  --*/
  30          /*--  宋体12;  此字体下对应的点阵为：宽x高=16x16   --*/
  31          {0x00,0x00,0x00,0x7F,0x00,0x00,0x00,0x00,0x00,0x00,0x00,0x00,0x00,0x00,0x00,0x00,
  32          0x00,0x00,0x00,0xCC,0x00,0x00,0x00,0x00,0x00,0x00,0x00,0x00,0x00,0x00,0x00,0x00
  33          }};
  34          
  35          /**/


MODULE INFORMATION:   STATIC OVERLAYABLE
   CODE SIZE        =   ----    ----
   CONSTANT SIZE    =    192    ----
   XDATA SIZE       =   ----    ----
   PDATA SIZE       =   ----    ----
   DATA SIZE        =   ----    ----
   IDATA SIZE       =   ----    ----
   BIT SIZE         =   ----    ----
END OF MODULE INFORMATION.


C51 COMPILATION COMPLETE.  0 WARNING(S),  0 ERROR(S)
