C51 COMPILER V9.00   JINGTAIXIANSHI                                                        01/17/2020 22:44:47 PAGE 1   


C51 COMPILER V9.00, COMPILATION OF MODULE JINGTAIXIANSHI
OBJECT MODULE PLACED IN jingtaixianshi.OBJ
COMPILER INVOKED BY: C:\Keil\C51\BIN\C51.EXE jingtaixianshi.c BROWSE DEBUG OBJECTEXTEND

line level    source

   1          #include<reg52.h>
   2          #include<intrins.h>
   3          #define uint unsigned int
   4          #define uchar unsigned char
   5          sbit suo1=P2^6;
   6          sbit suo2=P2^7;
   7          void delay(uint x)
   8          {
   9   1       uint i,j;
  10   1       for(i=x;i>0;i--)
  11   1         for(j=110;j>0;j--);
  12   1         }
  13          void main()
  14          {
  15   1       uchar m=0xfe;
  16   1       suo2=1;
  17   1       P0=0x7f;
  18   1       suo2=0;
  19   1       suo1=1;
  20   1       P0=0xff;
  21   1       suo1=0;
  22   1       while(1)
  23   1       {
  24   2        P1=m;
  25   2        delay(500);
  26   2        m=_crol_(m,1);
  27   2        }
  28   1       }


MODULE INFORMATION:   STATIC OVERLAYABLE
   CODE SIZE        =     69    ----
   CONSTANT SIZE    =   ----    ----
   XDATA SIZE       =   ----    ----
   PDATA SIZE       =   ----    ----
   DATA SIZE        =   ----    ----
   IDATA SIZE       =   ----    ----
   BIT SIZE         =   ----    ----
END OF MODULE INFORMATION.


C51 COMPILATION COMPLETE.  0 WARNING(S),  0 ERROR(S)
