C51 COMPILER V9.00   TX_1C                                                                 03/22/2019 22:34:01 PAGE 1   


C51 COMPILER V9.00, COMPILATION OF MODULE TX_1C
OBJECT MODULE PLACED IN TX-1C.OBJ
COMPILER INVOKED BY: C:\Keil00\C51\BIN\C51.EXE TX-1C.c BROWSE DEBUG OBJECTEXTEND

line level    source

   1          #include<reg51.h>
   2          #define uint unsigned int
   3          void delay(uint xms)
   4          {
   5   1       uint i,j;
   6   1       for(i=xms;i>0;i--)
   7   1          for(j=110;j>0;j--);
   8   1      }
   9          void main()
  10          {
  11   1       while(1)
  12   1       {
  13   2        P0=0x00;
  14   2        delay(1000);
  15   2        P0=0xff;
  16   2        delay(500);
  17   2        P0=0xaa;
  18   2        delay(1000);
  19   2        P0=0x55;
  20   2        delay(500);
  21   2       }
  22   1      }


MODULE INFORMATION:   STATIC OVERLAYABLE
   CODE SIZE        =     72    ----
   CONSTANT SIZE    =   ----    ----
   XDATA SIZE       =   ----    ----
   PDATA SIZE       =   ----    ----
   DATA SIZE        =   ----    ----
   IDATA SIZE       =   ----    ----
   BIT SIZE         =   ----    ----
END OF MODULE INFORMATION.


C51 COMPILATION COMPLETE.  0 WARNING(S),  0 ERROR(S)
