C51 COMPILER V9.00   SIMPLEDELAY                                                           01/17/2020 21:27:06 PAGE 1   


C51 COMPILER V9.00, COMPILATION OF MODULE SIMPLEDELAY
OBJECT MODULE PLACED IN simpledelay.OBJ
COMPILER INVOKED BY: C:\Keil\C51\BIN\C51.EXE simpledelay.c BROWSE DEBUG OBJECTEXTEND

line level    source

   1          #include<reg52.h>
   2          #define uint unsigned int
   3          uint i,j;
   4          sbit m=P1^0;
   5          void deley(uint x)
   6          {
   7   1       for(i=x;i>0;i--)
   8   1         for(j=110;j>0;j--);
   9   1         }
  10          void main()
  11          {
  12   1        while(1)
  13   1        {
  14   2        m=0;
  15   2        deley(300);
  16   2        m=1;
  17   2        deley(700);
  18   2         }
  19   1         }


MODULE INFORMATION:   STATIC OVERLAYABLE
   CODE SIZE        =     65    ----
   CONSTANT SIZE    =   ----    ----
   XDATA SIZE       =   ----    ----
   PDATA SIZE       =   ----    ----
   DATA SIZE        =      4    ----
   IDATA SIZE       =   ----    ----
   BIT SIZE         =   ----    ----
END OF MODULE INFORMATION.


C51 COMPILATION COMPLETE.  0 WARNING(S),  0 ERROR(S)
