C51 COMPILER V9.60.0.0   LCD1602_MAIN                                                      10/07/2021 16:47:51 PAGE 1   


C51 COMPILER V9.60.0.0, COMPILATION OF MODULE LCD1602_MAIN
OBJECT MODULE PLACED IN .\Objects\lcd1602_main.obj
COMPILER INVOKED BY: C:\Keil_v5\C51\BIN\C51.EXE lcd1602_main.c OPTIMIZE(8,SPEED) BROWSE DEBUG OBJECTEXTEND PRINT(.\Listi
                    -ngs\lcd1602_main.lst) TABS(2) OBJECT(.\Objects\lcd1602_main.obj)

line level    source

   1          #include<reg52.h>
   2          #define uint unsigned int
   3          #define uchar unsigned char
   4          
   5          sbit rs=P2^5;             //数据(H)/命令(L)选择端
   6          sbit rw=P2^6;             //读(H)/写(L)端
   7          sbit le=P2^7;             //使能端 H
   8          
   9          uchar num;
  10          uchar code tab1[]="I LOVE MICROCONTROLLER! ";
  11          uchar code tab2[]="I LOVE LEARNING!";
  12          
  13          void lcd_init();
  14          void status();
  15          void wr_cmd(uchar);
  16          void wr_data(uchar);
  17          void delay(uint);
  18          
  19          void main()
  20          {
  21   1        lcd_init();
  22   1        while(1)
  23   1        {
  24   2          wr_cmd(0x80);               //第一行地址指针设置
  25   2          for(num=0;num<16;num++)
  26   2          {
  27   3            wr_data(tab1[num]);        //第一行显示16个字符
  28   3            delay(500);
  29   3          }
  30   2          wr_cmd(0x80+0x40);          //第二行地址指针设置
  31   2          for(num=0;num<16;num++)
  32   2          {
  33   3            wr_data(tab2[num]);        //第二行显示字符
  34   3            delay(500); 
  35   3          }
  36   2          wr_cmd(0x80|0x10);            //提前将指针与光标移到 0x80+0x10
  37   2          for(num=0;num<7;num++)        // 整屏左移 7 个字符
  38   2          {
  39   3            wr_cmd(0x18);
  40   3            delay(200);
  41   3          }
  42   2          wr_cmd(0x80+0x10);                //设置第一行显示地址
  43   2          for(num=16;num<25;num++)          // 第一行显示后面的数据
  44   2          {
  45   3            wr_data(tab1[num]);         
  46   3            delay(500);
  47   3          }
  48   2          delay(1000);                //延时大约 1s 后重新开始显示
  49   2          wr_cmd(0x0c);               //取消光标
  50   2          wr_cmd(0x02);               //指针数据清0
  51   2          delay(2000);                //延时大约 2s 
  52   2          for(num=0;num<9;num++)
  53   2          {
  54   3            wr_cmd(0x18);               //整屏左移
C51 COMPILER V9.60.0.0   LCD1602_MAIN                                                      10/07/2021 16:47:51 PAGE 2   

  55   3            delay(500);
  56   3          }                             //右移了以后再左移回来
  57   2          for(num=0;num<9;num++)
  58   2          {
  59   3            wr_cmd(0x1c);               //整屏右移
  60   3            delay(500);
  61   3          }
  62   2          delay(1000);                //延时大约 1s 后重新开始
  63   2          wr_cmd(0x0f);               //显示光标并闪烁
  64   2          wr_cmd(0x01);               //显示清屏：数据指针清0，所有显示清0
  65   2          delay(1000);                //延时大约 1s 后重新开始
  66   2        }
  67   1      }
  68          
  69          /*LCD初始化*/
  70          void lcd_init()
  71          {
  72   1        le=0;
  73   1        wr_cmd(0x38);             //显示模式设置：16×2显示，5×7点阵，8位数据口
  74   1        wr_cmd(0x0f);             //开显示，显示光标，光标闪烁；bit2对应显示，bit1对应光标，bit0对应光标闪烁
  75   1        wr_cmd(0x06);             //写一个字符后地址指针+1；bit1=1 指针+1，bit1=0 指针-1；bit0=1整屏移动……
  76   1        wr_cmd(0x01);             //显示清屏：数据指针清0，所有显示清0  02H：数据指针清0
  77   1      }
  78          
  79          /*液晶状态查询*/
  80          void status()           // status 函数可能出了问题，没有使用
  81          {
  82   1        uchar sta;
  83   1        P0=0xff;              //读外部状态前 P0 先置高电平
  84   1        rs=0;
  85   1        rw=1;
  86   1        do                //当 P0 有多个中断使用时，读完状态后应置 le=0
  87   1        {
  88   2          le=1;
  89   2          delay(1);
  90   2          sta=P0;
  91   2        }while(sta&0x80);
  92   1        le=0;
  93   1      }
  94          
  95          /*写指令*/
  96          void wr_cmd(uchar cmd)
  97          {
  98   1      //  status();
  99   1        rs=0;
 100   1        rw=0;
 101   1        le=0; 
 102   1        P0=cmd;
 103   1        delay(1);             // 稍作延时待数据稳定
 104   1        le=1;                 // le 0-1-0,高脉冲
 105   1      //  delay(1);
 106   1        le=0;
 107   1      }
 108          
 109          /*写数据*/
 110          void wr_data(uchar dat)
 111          {
 112   1      //  status();
 113   1        rs=1;
 114   1        rw=0;
 115   1        le=0;
 116   1        P0=dat;
C51 COMPILER V9.60.0.0   LCD1602_MAIN                                                      10/07/2021 16:47:51 PAGE 3   

 117   1        delay(1);
 118   1        le=1;
 119   1      //  delay(1);
 120   1        le=0;
 121   1      }
 122          
 123          /*延时函数*/
 124          void delay(uint xms)
 125          {
 126   1        uint i,j;
 127   1        for(i=xms;i>0;i--)
 128   1          for(j=113;j>0;j--);
 129   1      }


MODULE INFORMATION:   STATIC OVERLAYABLE
   CODE SIZE        =    359    ----
   CONSTANT SIZE    =     42    ----
   XDATA SIZE       =   ----    ----
   PDATA SIZE       =   ----    ----
   DATA SIZE        =      1    ----
   IDATA SIZE       =   ----    ----
   BIT SIZE         =   ----    ----
END OF MODULE INFORMATION.


C51 COMPILATION COMPLETE.  0 WARNING(S),  0 ERROR(S)
