生成启动时间为 2022/4/15/周五 09:46:52。
     1>项目“C:\Users\25832\documents\visual studio 2013\Projects\Project1\Project1\Project1.vcxproj”在节点 2 上(Build 个目标)。
     1>ClCompile:
         C:\Program Files (x86)\Microsoft Visual Studio 12.0\VC\bin\CL.exe /c /ZI /nologo /W3 /WX- /Od /Oy- /D _MBCS /Gm /EHsc /RTC1 /MDd /GS /fp:precise /Zc:wchar_t /Zc:forScope /Fo"Debug\\" /Fd"Debug\vc120.pdb" /Gd /TC /analyze- /errorReport:prompt "..\..\..\..\..\Desktop\Multi-files\考前C\_aa\try.c"
         try.c
     1>c:\users\25832\desktop\multi-files\考前c\_aa\try.c(41): warning C4305: “初始化”: 从“double”到“const float”截断
     1>c:\users\25832\desktop\multi-files\考前c\_aa\try.c(45): warning C4996: 'localtime': This function or variable may be unsafe. Consider using localtime_s instead. To disable deprecation, use _CRT_SECURE_NO_WARNINGS. See online help for details.
                 c:\program files (x86)\microsoft visual studio 12.0\vc\include\time.inl(112) : 参见“localtime”的声明
     1>c:\users\25832\desktop\multi-files\考前c\_aa\try.c(46): warning C4996: 'ctime': This function or variable may be unsafe. Consider using ctime_s instead. To disable deprecation, use _CRT_SECURE_NO_WARNINGS. See online help for details.
                 c:\program files (x86)\microsoft visual studio 12.0\vc\include\time.inl(86) : 参见“ctime”的声明
     1>c:\users\25832\desktop\multi-files\考前c\_aa\try.c(47): warning C4996: 'asctime': This function or variable may be unsafe. Consider using asctime_s instead. To disable deprecation, use _CRT_SECURE_NO_WARNINGS. See online help for details.
                 c:\program files (x86)\microsoft visual studio 12.0\vc\include\time.h(174) : 参见“asctime”的声明
     1>c:\users\25832\desktop\multi-files\考前c\_aa\try.c(62): warning C4996: 'scanf': This function or variable may be unsafe. Consider using scanf_s instead. To disable deprecation, use _CRT_SECURE_NO_WARNINGS. See online help for details.
                 c:\program files (x86)\microsoft visual studio 12.0\vc\include\stdio.h(283) : 参见“scanf”的声明
     1>c:\users\25832\desktop\multi-files\考前c\_aa\try.c(40): warning C4101: “f”: 未引用的局部变量
     1>c:\users\25832\desktop\multi-files\考前c\_aa\try.c(207): warning C4098: “mul_arr”:“void”函数返回值
     1>c:\users\25832\desktop\multi-files\考前c\_aa\try.c(250): warning C4047: “初始化”:“char (*)[10]”与“char *”的间接级别不同
       Link:
         C:\Program Files (x86)\Microsoft Visual Studio 12.0\VC\bin\link.exe /ERRORREPORT:PROMPT /OUT:"C:\Users\25832\documents\visual studio 2013\Projects\Project1\Debug\Project1.exe" /INCREMENTAL /NOLOGO kernel32.lib user32.lib gdi32.lib winspool.lib comdlg32.lib advapi32.lib shell32.lib ole32.lib oleaut32.lib uuid.lib odbc32.lib odbccp32.lib /MANIFEST /MANIFESTUAC:"level='asInvoker' uiAccess='false'" /manifest:embed /DEBUG /PDB:"C:\Users\25832\documents\visual studio 2013\Projects\Project1\Debug\Project1.pdb" /TLBID:1 /DYNAMICBASE /NXCOMPAT /IMPLIB:"C:\Users\25832\documents\visual studio 2013\Projects\Project1\Debug\Project1.lib" /MACHINE:X86 Debug\try.obj
         Project1.vcxproj -> C:\Users\25832\documents\visual studio 2013\Projects\Project1\Debug\Project1.exe
     1>已完成生成项目“C:\Users\25832\documents\visual studio 2013\Projects\Project1\Project1\Project1.vcxproj”(Build 个目标)的操作。

生成成功。

已用时间 00:00:00.48
